<?xml version="1.0" encoding="UTF-8"?>
<!-- Generated by org.testng.reporters.JUnitReportReporter -->
<testsuite hostname="DESKTOP-BBORN83" failures="0" tests="9" name="com.automationpractice.TestAutomation" time="14.273" errors="0" timestamp="2020-04-08T21:36:34 CEST" skipped="8">
  <testcase classname="com.automationpractice.TestAutomation" name="screenshotElement" time="14.273"/>
  <testcase classname="com.automationpractice.TestAutomation" name="screenshot">
    <skipped/>
  </testcase> <!-- screenshot -->
  <testcase classname="com.automationpractice.TestAutomation" name="textTest">
    <skipped/>
  </testcase> <!-- textTest -->
  <testcase classname="com.automationpractice.TestAutomation" name="title">
    <skipped/>
  </testcase> <!-- title -->
  <testcase classname="com.automationpractice.TestAutomation" name="cartClick">
    <skipped/>
  </testcase> <!-- cartClick -->
  <testcase classname="com.automationpractice.TestAutomation" name="newTab">
    <skipped/>
  </testcase> <!-- newTab -->
  <testcase classname="com.automationpractice.TestAutomation" name="search">
    <skipped/>
  </testcase> <!-- search -->
  <testcase classname="com.automationpractice.TestAutomation" name="contactUs">
    <skipped/>
  </testcase> <!-- contactUs -->
  <testcase classname="com.automationpractice.TestAutomation" name="signIn">
    <skipped/>
  </testcase> <!-- signIn -->
</testsuite> <!-- com.automationpractice.TestAutomation -->
